<?xml version="1.0" encoding="UTF-8"?>
<!-- Generated by org.testng.reporters.JUnitReportReporter -->
<testsuite skipped="0" hostname="XiaomiNorebook" name="test.java.YandexDiskTests.SmokeTest" tests="1" failures="0" timestamp="2020-02-15T22:16:59 MSK" time="12.111" errors="0">
  <testcase name="yandexDiscSmokeTest" time="12.111" classname="test.java.YandexDiskTests.SmokeTest"/>
</testsuite> <!-- test.java.YandexDiskTests.SmokeTest -->
