<?xml version="1.0" encoding="UTF-8"?>
<!-- Generated by org.testng.reporters.JUnitReportReporter -->
<testsuite skipped="0" hostname="XiaomiNorebook" name="YandexDiskTests.SmokeTest" tests="1" failures="0" timestamp="2020-02-12T01:26:41 MSK" time="7.629" errors="0">
  <testcase name="yandexDiscSmokeTest" time="7.629" classname="YandexDiskTests.SmokeTest"/>
</testsuite> <!-- YandexDiskTests.SmokeTest -->
