<?xml version="1.0" encoding="UTF-8"?>
<!-- Generated by org.testng.reporters.JUnitReportReporter -->
<testsuite skipped="0" hostname="XiaomiNorebook" name="YandexDiskTests.NavigationBlockTest" tests="1" failures="0" timestamp="2020-02-10T01:47:36 MSK" time="20.541" errors="0">
  <testcase name="yandexDiskNavigationBlockTest" time="20.541" classname="YandexDiskTests.NavigationBlockTest"/>
</testsuite> <!-- YandexDiskTests.NavigationBlockTest -->
